2946 [localhost-startStop-1] DEBUG com.sixthc.hbm.Crew  - setId : null
3427 [localhost-startStop-1] DEBUG org.springframework.transaction.annotation.AnnotationTransactionAttributeSource  - Adding transactional method 'find' with attribute: PROPAGATION_REQUIRED,ISOLATION_DEFAULT; ''
8427 [localhost-startStop-1] DEBUG org.springframework.transaction.annotation.AnnotationTransactionAttributeSource  - Adding transactional method 'findWorkOrder' with attribute: PROPAGATION_REQUIRED,ISOLATION_DEFAULT,readOnly; ''
9444 [http-bio-8080-exec-1] ERROR com.sixthc.dao.impl.EpriLogDaoImpl  - find for WMS MaintenanceOrder Get, with pkg WMS CIM MaintenanceOrder, WMS-CIM failed
9461 [http-bio-8080-exec-1] DEBUG com.sixthc.dao.Sequence  - calling get message id sequence
9480 [http-bio-8080-exec-1] DEBUG com.sixthc.interceptor.LoggingInInterceptor  - retrieved sequence message_id => 0
9512 [http-bio-8080-exec-1] DEBUG com.sixthc.interceptor.LoggingInInterceptor  - DBLog id log = 2485
9648 [http-bio-8080-exec-2] ERROR com.sixthc.dao.impl.EpriLogDaoImpl  - find for WMS MaintenanceOrder Get, with pkg WMS CIM MaintenanceOrder, WMS-CIM failed
9656 [http-bio-8080-exec-2] DEBUG com.sixthc.dao.Sequence  - calling get message id sequence
9657 [http-bio-8080-exec-2] DEBUG com.sixthc.interceptor.LoggingInInterceptor  - retrieved sequence message_id => 0
9667 [http-bio-8080-exec-2] DEBUG com.sixthc.interceptor.LoggingInInterceptor  - DBLog id log = 2486
10422 [http-bio-8080-exec-3] ERROR com.sixthc.dao.impl.EpriLogDaoImpl  - find for WMS MaintenanceOrder Get, with pkg WMS CIM MaintenanceOrder, WMS-CIM failed
10429 [http-bio-8080-exec-3] DEBUG com.sixthc.dao.Sequence  - calling get message id sequence
10430 [http-bio-8080-exec-3] DEBUG com.sixthc.interceptor.LoggingInInterceptor  - retrieved sequence message_id => 0
10464 [http-bio-8080-exec-3] DEBUG com.sixthc.interceptor.LoggingInInterceptor  - DBLog id log = 2487
10723 [http-bio-8080-exec-3] DEBUG com.sixthc.hbm.MaterialItemNames  - com.sixthc.hbm.WorkOrder.setComments : null
10723 [http-bio-8080-exec-3] DEBUG com.sixthc.hbm.MaterialItemNames  - com.sixthc.hbm.WorkOrder.setCreatedBy : WMS
10724 [http-bio-8080-exec-3] DEBUG com.sixthc.hbm.MaterialItemNames  - com.sixthc.hbm.WorkOrder.setDescription : null
10724 [http-bio-8080-exec-3] DEBUG com.sixthc.hbm.MaterialItemNames  - com.sixthc.hbm.WorkOrder.setInternalBuildingName : Eagle
10724 [http-bio-8080-exec-3] DEBUG com.sixthc.hbm.MaterialItemNames  - com.sixthc.hbm.WorkOrder.setInternalBuildingNum : 100
10724 [http-bio-8080-exec-3] DEBUG com.sixthc.hbm.MaterialItemNames  - com.sixthc.hbm.WorkOrder.setInternalFloor : 12
10724 [http-bio-8080-exec-3] DEBUG com.sixthc.hbm.MaterialItemNames  - com.sixthc.hbm.WorkOrder.setInternalRoomNum : 101A
10724 [http-bio-8080-exec-3] DEBUG com.sixthc.hbm.MaterialItemNames  - com.sixthc.hbm.WorkOrder.setKind : maintenance
10724 [http-bio-8080-exec-3] DEBUG com.sixthc.hbm.MaterialItemNames  - com.sixthc.hbm.WorkOrder.setLocationComment : null
10724 [http-bio-8080-exec-3] DEBUG com.sixthc.hbm.MaterialItemNames  - com.sixthc.hbm.WorkOrder.setMrid : 75661456-6f93-4b5e-b473-de6b750a0f80
10724 [http-bio-8080-exec-3] DEBUG com.sixthc.hbm.MaterialItemNames  - com.sixthc.hbm.WorkOrder.setPriorityJustification : null
10724 [http-bio-8080-exec-3] DEBUG com.sixthc.hbm.WorkOrder  - setPriorityRank : 1
10725 [http-bio-8080-exec-3] DEBUG com.sixthc.hbm.MaterialItemNames  - com.sixthc.hbm.WorkOrder.setPriorityType : type1
10725 [http-bio-8080-exec-3] DEBUG com.sixthc.hbm.WorkOrder  - setRequestDatetime : 2015-10-13 08:38:02.0
10725 [http-bio-8080-exec-3] DEBUG com.sixthc.hbm.MaterialItemNames  - com.sixthc.hbm.WorkOrder.setStatus : ACTIVE
10725 [http-bio-8080-exec-3] DEBUG com.sixthc.hbm.MaterialItemNames  - com.sixthc.hbm.WorkOrder.setStatusKind : approved
10725 [http-bio-8080-exec-3] DEBUG com.sixthc.hbm.MaterialItemNames  - com.sixthc.hbm.WorkOrder.setTitle : null
10725 [http-bio-8080-exec-3] DEBUG com.sixthc.hbm.WorkOrder  - setUpdatedAt : 2015-10-13 08:38:02.0
10725 [http-bio-8080-exec-3] DEBUG com.sixthc.hbm.MaterialItemNames  - com.sixthc.hbm.WorkOrder.setUpdatedBy : null
10725 [http-bio-8080-exec-3] DEBUG com.sixthc.hbm.MaterialItemNames  - com.sixthc.hbm.WorkOrder.setWorkOrderName : null
10727 [http-bio-8080-exec-3] DEBUG com.sixthc.hbm.WorkOrderOrganizations  - setId
10730 [http-bio-8080-exec-3] DEBUG com.sixthc.hbm.Organization  - setID : 407
10730 [http-bio-8080-exec-3] DEBUG com.sixthc.hbm.MaterialItemNames  - com.sixthc.hbm.Organization.setMrid : 1234
10784 [http-bio-8080-exec-3] DEBUG com.sixthc.interceptor.LoggingOutInterceptor  - onClose
10797 [http-bio-8080-exec-3] ERROR com.sixthc.dao.impl.EpriLogDaoImpl  - find for WMS MaintenanceOrder Get, with pkg WMS CIM MaintenanceOrder, WMS-CIM failed
